<?xml version="1.0" encoding="UTF-8"?>
<testng-results ignored="0" total="5" passed="5" failed="0" skipped="0">
  <reporter-output>
  </reporter-output>
  <suite started-at="2023-05-30T15:31:37 EDT" name="Default suite" finished-at="2023-05-30T15:32:00 EDT" duration-ms="22952">
    <groups>
      <group name="cucumber">
        <method signature="AbstractTestNGCucumberTests.runScenario(io.cucumber.testng.PickleWrapper,io.cucumber.testng.FeatureWrapper)[pri:0, instance:com.saucedemo.testscripts.TestRunner@74fe5c40]" name="runScenario" class="io.cucumber.testng.AbstractTestNGCucumberTests"/>
      </group> <!-- cucumber -->
    </groups>
    <test started-at="2023-05-30T15:31:37 EDT" name="Default test" finished-at="2023-05-30T15:32:00 EDT" duration-ms="22952">
      <class name="com.saucedemo.testscripts.TestRunner">
        <test-method is-config="true" signature="setUpClass(org.testng.ITestContext)[pri:0, instance:com.saucedemo.testscripts.TestRunner@74fe5c40]" started-at="2023-05-30T15:31:37 EDT" name="setUpClass" finished-at="2023-05-30T15:31:37 EDT" duration-ms="573" status="PASS">
          <params>
            <param index="0">
              <value>
                <![CDATA[org.testng.TestRunner@4eeab3e]]>
              </value>
            </param>
          </params>
          <reporter-output>
          </reporter-output>
        </test-method> <!-- setUpClass -->
        <test-method signature="runScenario(io.cucumber.testng.PickleWrapper,io.cucumber.testng.FeatureWrapper)[pri:0, instance:com.saucedemo.testscripts.TestRunner@74fe5c40]" started-at="2023-05-30T15:31:37 EDT" name="runScenario" description="Runs Cucumber Scenarios" data-provider="scenarios" finished-at="2023-05-30T15:31:44 EDT" duration-ms="6617" status="PASS">
          <params>
            <param index="0">
              <value>
                <![CDATA["user should be able to remove product from cart and buy items"]]>
              </value>
            </param>
            <param index="1">
              <value>
                <![CDATA["Optional[remove the product from cart and verify success message]"]]>
              </value>
            </param>
          </params>
          <reporter-output>
          </reporter-output>
        </test-method> <!-- runScenario -->
        <test-method signature="runScenario(io.cucumber.testng.PickleWrapper,io.cucumber.testng.FeatureWrapper)[pri:0, instance:com.saucedemo.testscripts.TestRunner@74fe5c40]" started-at="2023-05-30T15:31:44 EDT" name="runScenario" description="Runs Cucumber Scenarios" data-provider="scenarios" finished-at="2023-05-30T15:31:48 EDT" duration-ms="3616" status="PASS">
          <params>
            <param index="0">
              <value>
                <![CDATA["user should be able to verify item and success message"]]>
              </value>
            </param>
            <param index="1">
              <value>
                <![CDATA["Optional[verify success message]"]]>
              </value>
            </param>
          </params>
          <reporter-output>
          </reporter-output>
        </test-method> <!-- runScenario -->
        <test-method signature="runScenario(io.cucumber.testng.PickleWrapper,io.cucumber.testng.FeatureWrapper)[pri:0, instance:com.saucedemo.testscripts.TestRunner@74fe5c40]" started-at="2023-05-30T15:31:48 EDT" name="runScenario" description="Runs Cucumber Scenarios" data-provider="scenarios" finished-at="2023-05-30T15:31:51 EDT" duration-ms="3395" status="PASS">
          <params>
            <param index="0">
              <value>
                <![CDATA["A user should be able to buy items on saucedemo successfully"]]>
              </value>
            </param>
            <param index="1">
              <value>
                <![CDATA["Optional[Buy items on saucedemo]"]]>
              </value>
            </param>
          </params>
          <reporter-output>
          </reporter-output>
        </test-method> <!-- runScenario -->
        <test-method signature="runScenario(io.cucumber.testng.PickleWrapper,io.cucumber.testng.FeatureWrapper)[pri:0, instance:com.saucedemo.testscripts.TestRunner@74fe5c40]" started-at="2023-05-30T15:31:51 EDT" name="runScenario" description="Runs Cucumber Scenarios" data-provider="scenarios" finished-at="2023-05-30T15:31:54 EDT" duration-ms="3211" status="PASS">
          <params>
            <param index="0">
              <value>
                <![CDATA["user should be able to verify last name required message"]]>
              </value>
            </param>
            <param index="1">
              <value>
                <![CDATA["Optional[LastName error verification]"]]>
              </value>
            </param>
          </params>
          <reporter-output>
          </reporter-output>
        </test-method> <!-- runScenario -->
        <test-method signature="runScenario(io.cucumber.testng.PickleWrapper,io.cucumber.testng.FeatureWrapper)[pri:0, instance:com.saucedemo.testscripts.TestRunner@74fe5c40]" started-at="2023-05-30T15:31:54 EDT" name="runScenario" description="Runs Cucumber Scenarios" data-provider="scenarios" finished-at="2023-05-30T15:31:57 EDT" duration-ms="2490" status="PASS">
          <params>
            <param index="0">
              <value>
                <![CDATA["User should be able to verify locked out message"]]>
              </value>
            </param>
            <param index="1">
              <value>
                <![CDATA["Optional[verify locked out message]"]]>
              </value>
            </param>
          </params>
          <reporter-output>
          </reporter-output>
        </test-method> <!-- runScenario -->
        <test-method is-config="true" signature="tearDownClass()[pri:0, instance:com.saucedemo.testscripts.TestRunner@74fe5c40]" started-at="2023-05-30T15:31:57 EDT" name="tearDownClass" finished-at="2023-05-30T15:32:00 EDT" duration-ms="2999" status="PASS">
          <reporter-output>
          </reporter-output>
        </test-method> <!-- tearDownClass -->
      </class> <!-- com.saucedemo.testscripts.TestRunner -->
    </test> <!-- Default test -->
  </suite> <!-- Default suite -->
</testng-results>
